#
# A fatal error has been detected by the Java Runtime Environment:
#
#  EXCEPTION_ACCESS_VIOLATION (0xc0000005) at pc=0x0000000069f579e5, pid=16312, tid=15668
#
# JRE version: 7.0_11-b21
# Java VM: Java HotSpot(TM) 64-Bit Server VM (23.6-b04 mixed mode windows-amd64 compressed oops)
# Problematic frame:
# V  [jvm.dll+0x3a79e5]
#
# Failed to write core dump. Minidumps are not enabled by default on client versions of Windows
#
# If you would like to submit a bug report, please visit:
#   http://bugreport.sun.com/bugreport/crash.jsp
#

---------------  T H R E A D  ---------------

Current thread (0x0000000008922000):  JavaThread "C2 CompilerThread0" daemon [_thread_in_native, id=15668, stack(0x0000000009ec0000,0x0000000009fc0000)]

siginfo: ExceptionCode=0xc0000005, reading address 0x000000000b58cff8

Registers:
RAX=0x0000000000000009, RBX=0x000000000b96e698, RCX=0x000000000b94e430, RDX=0x000000000b58cff8
RSP=0x0000000009fbca00, RBP=0x0000000009fbca80, RSI=0xfffffffffffffff8, RDI=0x000000000b96e388
R8 =0x000000000b139c10, R9 =0x0000000000000000, R10=0x000000000b96e410, R11=0x000000000c08aa20
R12=0x000000000c3e1c78, R13=0x000000000c3e1708, R14=0x0000000000000003, R15=0x0000000009fbcd50
RIP=0x0000000069f579e5, EFLAGS=0x0000000000010212

Top of Stack: (sp=0x0000000009fbca00)
0x0000000009fbca00:   000000000b96e6d8 0000000009fbca80
0x0000000009fbca10:   fffffffffffffff8 000000000b8e4fb8
0x0000000009fbca20:   000000000b96e698 0000000069fdd897
0x0000000009fbca30:   000000000c08a8a0 0000000009fbca80
0x0000000009fbca40:   fffffffffffffff8 ffffffff0000005a
0x0000000009fbca50:   000000000c5b7a60 000000000c69eac0
0x0000000009fbca60:   000000000c5b4500 00000000089148f0
0x0000000009fbca70:   0000000000000010 0000000000000001
0x0000000009fbca80:   0000000009fbf010 0000000009fbeec0
0x0000000009fbca90:   0000000009fbcae0 0000000069fddee3
0x0000000009fbcaa0:   0000000000003a97 0000000009fbcd50
0x0000000009fbcab0:   0000000009fbcae0 0000000000000000
0x0000000009fbcac0:   0000000000000000 0000000001000000
0x0000000009fbcad0:   0000000000000000 0000000069fd93e9
0x0000000009fbcae0:   0000000009fbf554 0000000000000000
0x0000000009fbcaf0:   000000006a0a3838 0000000009fbeec0 

Instructions: (pc=0x0000000069f579e5)
0x0000000069f579c5:   8b 04 ca 48 8b f9 4d 85 c0 74 27 49 8b 48 10 48
0x0000000069f579d5:   85 c9 74 1e 41 8b 40 20 48 8d 14 c1 48 83 ea 08
0x0000000069f579e5:   48 39 3a 75 f7 ff c8 41 89 40 20 48 8b 0c c1 48
0x0000000069f579f5:   89 0a 4b 89 1c ca 48 85 db 74 25 48 83 7b 10 00 


Register to memory mapping:

RAX=0x0000000000000009 is an unknown value
RBX=0x000000000b96e698 is an unknown value
RCX=0x000000000b94e430 is an unknown value
RDX=0x000000000b58cff8 is an unknown value
RSP=0x0000000009fbca00 is pointing into the stack for thread: 0x0000000008922000
RBP=0x0000000009fbca80 is pointing into the stack for thread: 0x0000000008922000
RSI=0xfffffffffffffff8 is an unknown value
RDI=0x000000000b96e388 is an unknown value
R8 =0x000000000b139c10 is an unknown value
R9 =0x0000000000000000 is an unknown value
R10=0x000000000b96e410 is an unknown value
R11=0x000000000c08aa20 is an unknown value
R12=0x000000000c3e1c78 is an unknown value
R13=0x000000000c3e1708 is an unknown value
R14=0x0000000000000003 is an unknown value
R15=0x0000000009fbcd50 is pointing into the stack for thread: 0x0000000008922000


Stack: [0x0000000009ec0000,0x0000000009fc0000],  sp=0x0000000009fbca00,  free space=1010k
Native frames: (J=compiled Java code, j=interpreted, Vv=VM code, C=native code)
V  [jvm.dll+0x3a79e5]
C  0x0000000009fbeec0


Current CompileTask:
C2:   3480  597             com.android.dx.merge.DexMerger::transformMethods (126 bytes)


---------------  P R O C E S S  ---------------

Java Threads: ( => current thread )
  0x0000000008934800 JavaThread "Service Thread" daemon [_thread_blocked, id=11760, stack(0x000000000a0c0000,0x000000000a1c0000)]
  0x0000000008924000 JavaThread "C2 CompilerThread1" daemon [_thread_in_native, id=7784, stack(0x0000000009fc0000,0x000000000a0c0000)]
=>0x0000000008922000 JavaThread "C2 CompilerThread0" daemon [_thread_in_native, id=15668, stack(0x0000000009ec0000,0x0000000009fc0000)]
  0x0000000008921000 JavaThread "Attach Listener" daemon [_thread_blocked, id=10084, stack(0x0000000009dc0000,0x0000000009ec0000)]
  0x00000000088fa000 JavaThread "Signal Dispatcher" daemon [_thread_blocked, id=11688, stack(0x0000000009cc0000,0x0000000009dc0000)]
  0x0000000008897800 JavaThread "Finalizer" daemon [_thread_blocked, id=8324, stack(0x0000000009bc0000,0x0000000009cc0000)]
  0x000000000888e800 JavaThread "Reference Handler" daemon [_thread_blocked, id=16208, stack(0x0000000009ac0000,0x0000000009bc0000)]
  0x00000000023f0800 JavaThread "main" [_thread_in_vm, id=11576, stack(0x00000000022f0000,0x00000000023f0000)]

Other Threads:
  0x0000000008887000 VMThread [stack: 0x00000000099c0000,0x0000000009ac0000] [id=16108]
  0x0000000008954800 WatcherThread [stack: 0x000000000a1c0000,0x000000000a2c0000] [id=13208]

VM state:not at safepoint (normal execution)

VM Mutex/Monitor currently owned by a thread: None

Heap
 PSYoungGen      total 68736K, used 37142K [0x00000000eaab0000, 0x00000000ef2f0000, 0x0000000100000000)
  eden space 63488K, 50% used [0x00000000eaab0000,0x00000000ec9d92d8,0x00000000ee8b0000)
  from space 5248K, 99% used [0x00000000eedd0000,0x00000000ef2ec840,0x00000000ef2f0000)
  to   space 5248K, 0% used [0x00000000ee8b0000,0x00000000ee8b0000,0x00000000eedd0000)
 ParOldGen       total 84608K, used 14866K [0x00000000c0000000, 0x00000000c52a0000, 0x00000000eaab0000)
  object space 84608K, 17% used [0x00000000c0000000,0x00000000c0e84b30,0x00000000c52a0000)
 PSPermGen       total 21248K, used 7182K [0x00000000bae00000, 0x00000000bc2c0000, 0x00000000c0000000)
  object space 21248K, 33% used [0x00000000bae00000,0x00000000bb503818,0x00000000bc2c0000)

Card table byte_map: [0x00000000054f0000,0x0000000005720000] byte_map_base: 0x0000000004f19000

Polling page: 0x00000000007b0000

Code Cache  [0x00000000024f0000, 0x0000000002760000, 0x00000000054f0000)
 total_blobs=858 nmethods=606 adapters=203 free_code_cache=47261Kb largest_free_block=48359360

Compilation events (10 events):
Event: 3.307 Thread 0x0000000008924000 nmethod 600 0x00000000026bb110 code [0x00000000026bb240, 0x00000000026bb298]
Event: 3.312 Thread 0x0000000008924000  601             com.android.dx.io.instructions.DecodedInstruction::getB (2 bytes)
Event: 3.313 Thread 0x0000000008924000 nmethod 601 0x00000000026bf510 code [0x00000000026bf640, 0x00000000026bf698]
Event: 3.314 Thread 0x0000000008924000  602             com.android.dx.io.instructions.OneRegisterDecodedInstruction::getRegisterCount (2 bytes)
Event: 3.315 Thread 0x0000000008924000 nmethod 602 0x00000000026bf2d0 code [0x00000000026bf400, 0x00000000026bf458]
Event: 3.322 Thread 0x0000000008924000  603             com.android.dex.Dex::readCode (28 bytes)
Event: 3.383 Thread 0x0000000008924000 nmethod 603 0x00000000026c4610 code [0x00000000026c4920, 0x00000000026c6378]
Event: 3.383 Thread 0x0000000008924000  604             com.android.dex.Dex$Section::access$900 (5 bytes)
Event: 3.434 Thread 0x0000000008924000 nmethod 604 0x00000000026c9350 code [0x00000000026c9640, 0x00000000026cae38]
Event: 3.435 Thread 0x0000000008924000  605             com.android.dex.Dex$Section::readCode (136 bytes)

GC Heap History (4 events):
Event: 0.962 GC heap before
{Heap before GC invocations=1 (full 0):
 PSYoungGen      total 36992K, used 31744K [0x00000000eaab0000, 0x00000000ed3f0000, 0x0000000100000000)
  eden space 31744K, 100% used [0x00000000eaab0000,0x00000000ec9b0000,0x00000000ec9b0000)
  from space 5248K, 0% used [0x00000000eced0000,0x00000000eced0000,0x00000000ed3f0000)
  to   space 5248K, 0% used [0x00000000ec9b0000,0x00000000ec9b0000,0x00000000eced0000)
 ParOldGen       total 84608K, used 0K [0x00000000c0000000, 0x00000000c52a0000, 0x00000000eaab0000)
  object space 84608K, 0% used [0x00000000c0000000,0x00000000c0000000,0x00000000c52a0000)
 PSPermGen       total 21248K, used 5522K [0x00000000bae00000, 0x00000000bc2c0000, 0x00000000c0000000)
  object space 21248K, 25% used [0x00000000bae00000,0x00000000bb3649a8,0x00000000bc2c0000)
Event: 0.978 GC heap after
Heap after GC invocations=1 (full 0):
 PSYoungGen      total 36992K, used 5226K [0x00000000eaab0000, 0x00000000ef2f0000, 0x0000000100000000)
  eden space 31744K, 0% used [0x00000000eaab0000,0x00000000eaab0000,0x00000000ec9b0000)
  from space 5248K, 99% used [0x00000000ec9b0000,0x00000000ececabe8,0x00000000eced0000)
  to   space 5248K, 0% used [0x00000000eedd0000,0x00000000eedd0000,0x00000000ef2f0000)
 ParOldGen       total 84608K, used 2325K [0x00000000c0000000, 0x00000000c52a0000, 0x00000000eaab0000)
  object space 84608K, 2% used [0x00000000c0000000,0x00000000c02456f0,0x00000000c52a0000)
 PSPermGen       total 21248K, used 5522K [0x00000000bae00000, 0x00000000bc2c0000, 0x00000000c0000000)
  object space 21248K, 25% used [0x00000000bae00000,0x00000000bb3649a8,0x00000000bc2c0000)
}
Event: 2.522 GC heap before
{Heap before GC invocations=2 (full 0):
 PSYoungGen      total 36992K, used 36970K [0x00000000eaab0000, 0x00000000ef2f0000, 0x0000000100000000)
  eden space 31744K, 100% used [0x00000000eaab0000,0x00000000ec9b0000,0x00000000ec9b0000)
  from space 5248K, 99% used [0x00000000ec9b0000,0x00000000ececabe8,0x00000000eced0000)
  to   space 5248K, 0% used [0x00000000eedd0000,0x00000000eedd0000,0x00000000ef2f0000)
 ParOldGen       total 84608K, used 2325K [0x00000000c0000000, 0x00000000c52a0000, 0x00000000eaab0000)
  object space 84608K, 2% used [0x00000000c0000000,0x00000000c02456f0,0x00000000c52a0000)
 PSPermGen       total 21248K, used 6751K [0x00000000bae00000, 0x00000000bc2c0000, 0x00000000c0000000)
  object space 21248K, 31% used [0x00000000bae00000,0x00000000bb497db0,0x00000000bc2c0000)
Event: 2.541 GC heap after
Heap after GC invocations=2 (full 0):
 PSYoungGen      total 68736K, used 5234K [0x00000000eaab0000, 0x00000000ef2f0000, 0x0000000100000000)
  eden space 63488K, 0% used [0x00000000eaab0000,0x00000000eaab0000,0x00000000ee8b0000)
  from space 5248K, 99% used [0x00000000eedd0000,0x00000000ef2ec840,0x00000000ef2f0000)
  to   space 5248K, 0% used [0x00000000ee8b0000,0x00000000ee8b0000,0x00000000eedd0000)
 ParOldGen       total 84608K, used 14866K [0x00000000c0000000, 0x00000000c52a0000, 0x00000000eaab0000)
  object space 84608K, 17% used [0x00000000c0000000,0x00000000c0e84b30,0x00000000c52a0000)
 PSPermGen       total 21248K, used 6751K [0x00000000bae00000, 0x00000000bc2c0000, 0x00000000c0000000)
  object space 21248K, 31% used [0x00000000bae00000,0x00000000bb497db0,0x00000000bc2c0000)
}

Deoptimization events (10 events):
Event: 1.096 Thread 0x000000000a310000 Uncommon trap -83 fr.pc 0x00000000025b82e4
Event: 1.105 Thread 0x00000000023f0800 Uncommon trap -34 fr.pc 0x000000000258d664
Event: 1.109 Thread 0x00000000023f0800 Uncommon trap -34 fr.pc 0x000000000258d664
Event: 1.534 Thread 0x00000000023f0800 Uncommon trap -83 fr.pc 0x00000000025ce424
Event: 1.535 Thread 0x00000000023f0800 Uncommon trap -34 fr.pc 0x000000000256d8f0
Event: 1.536 Thread 0x00000000023f0800 Uncommon trap -34 fr.pc 0x000000000256d8f0
Event: 2.842 Thread 0x00000000023f0800 Uncommon trap -34 fr.pc 0x000000000265ee4c
Event: 2.842 Thread 0x00000000023f0800 Uncommon trap -34 fr.pc 0x000000000265ee4c
Event: 2.842 Thread 0x00000000023f0800 Uncommon trap -34 fr.pc 0x000000000265ee4c
Event: 2.842 Thread 0x00000000023f0800 Uncommon trap -34 fr.pc 0x000000000265ee4c

Internal exceptions (10 events):
Event: 2.993 Thread 0x00000000023f0800 Threw 0x00000000eb394580 at C:\jdk7u1_64p\jdk7u11\hotspot\src\share\vm\prims\jvm.cpp:1166
Event: 2.993 Thread 0x00000000023f0800 Threw 0x00000000eb397558 at C:\jdk7u1_64p\jdk7u11\hotspot\src\share\vm\prims\jvm.cpp:1166
Event: 2.994 Thread 0x00000000023f0800 Threw 0x00000000eb39a5f8 at C:\jdk7u1_64p\jdk7u11\hotspot\src\share\vm\prims\jvm.cpp:1166
Event: 2.995 Thread 0x00000000023f0800 Threw 0x00000000eb39e258 at C:\jdk7u1_64p\jdk7u11\hotspot\src\share\vm\prims\jvm.cpp:1166
Event: 2.995 Thread 0x00000000023f0800 Threw 0x00000000eb3a10e0 at C:\jdk7u1_64p\jdk7u11\hotspot\src\share\vm\prims\jvm.cpp:1166
Event: 2.995 Thread 0x00000000023f0800 Threw 0x00000000eb3a4128 at C:\jdk7u1_64p\jdk7u11\hotspot\src\share\vm\prims\jvm.cpp:1166
Event: 2.996 Thread 0x00000000023f0800 Threw 0x00000000eb3a75a0 at C:\jdk7u1_64p\jdk7u11\hotspot\src\share\vm\prims\jvm.cpp:1166
Event: 2.997 Thread 0x00000000023f0800 Threw 0x00000000eb3eeac8 at C:\jdk7u1_64p\jdk7u11\hotspot\src\share\vm\prims\jvm.cpp:1166
Event: 2.998 Thread 0x00000000023f0800 Threw 0x00000000eb3f0cc0 at C:\jdk7u1_64p\jdk7u11\hotspot\src\share\vm\prims\jvm.cpp:1166
Event: 3.232 Thread 0x00000000023f0800 Threw 0x00000000eba692e8 at C:\jdk7u1_64p\jdk7u11\hotspot\src\share\vm\prims\jvm.cpp:1166

Events (10 events):
Event: 2.995 loading class 0x000000000b4e7000
Event: 2.995 loading class 0x000000000b4e7000 done
Event: 2.996 loading class 0x000000000c1076e0
Event: 2.996 loading class 0x000000000c1076e0 done
Event: 2.997 loading class 0x000000000bd5dad0
Event: 2.997 loading class 0x000000000bd5dad0 done
Event: 2.998 loading class 0x000000000b394250
Event: 2.998 loading class 0x000000000b394250 done
Event: 3.232 loading class 0x000000000c1057f0
Event: 3.232 loading class 0x000000000c1057f0 done


Dynamic libraries:
0x00007ff778840000 - 0x00007ff778873000 	C:\Program Files\Java\jdk1.7.0_11\bin\java.exe
0x00007ffbb3a20000 - 0x00007ffbb3bcd000 	C:\WINDOWS\SYSTEM32\ntdll.dll
0x00007ffbb1520000 - 0x00007ffbb165e000 	C:\WINDOWS\system32\KERNEL32.DLL
0x00007ffbb0f20000 - 0x00007ffbb1035000 	C:\WINDOWS\system32\KERNELBASE.dll
0x00007ffbaf710000 - 0x00007ffbaf79e000 	C:\WINDOWS\system32\apphelp.dll
0x00007ffb9dbe0000 - 0x00007ffb9dc33000 	C:\WINDOWS\AppPatch\AppPatch64\AcGenral.DLL
0x00007ffbb1940000 - 0x00007ffbb19ea000 	C:\WINDOWS\system32\msvcrt.dll
0x00007ffbb0940000 - 0x00007ffbb096e000 	C:\WINDOWS\SYSTEM32\SspiCli.dll
0x00007ffbb2040000 - 0x00007ffbb2094000 	C:\WINDOWS\system32\SHLWAPI.dll
0x00007ffbb1ab0000 - 0x00007ffbb1c27000 	C:\WINDOWS\system32\USER32.dll
0x00007ffbb10b0000 - 0x00007ffbb1244000 	C:\WINDOWS\system32\ole32.dll
0x00007ffbb22a0000 - 0x00007ffbb37ca000 	C:\WINDOWS\system32\SHELL32.dll
0x00007ffbb00f0000 - 0x00007ffbb0111000 	C:\WINDOWS\SYSTEM32\USERENV.dll
0x00007ffbb21f0000 - 0x00007ffbb229a000 	C:\WINDOWS\system32\ADVAPI32.dll
0x00007ffba07c0000 - 0x00007ffba07de000 	C:\WINDOWS\SYSTEM32\MPR.dll
0x00007ffbb20a0000 - 0x00007ffbb21e1000 	C:\WINDOWS\system32\RPCRT4.dll
0x00007ffbb1a50000 - 0x00007ffbb1aa9000 	C:\WINDOWS\SYSTEM32\sechost.dll
0x00007ffbb1720000 - 0x00007ffbb1931000 	C:\WINDOWS\SYSTEM32\combase.dll
0x00007ffbb3810000 - 0x00007ffbb3960000 	C:\WINDOWS\system32\GDI32.dll
0x00007ffbb0b70000 - 0x00007ffbb0b85000 	C:\WINDOWS\SYSTEM32\profapi.dll
0x00007ffbaf140000 - 0x00007ffbaf1f2000 	C:\WINDOWS\SYSTEM32\SHCORE.dll
0x00007ffbb37d0000 - 0x00007ffbb3806000 	C:\WINDOWS\system32\IMM32.DLL
0x00007ffbb1de0000 - 0x00007ffbb1f32000 	C:\WINDOWS\system32\MSCTF.dll
0x00007ffbaea90000 - 0x00007ffbaed0b000 	C:\WINDOWS\WinSxS\amd64_microsoft.windows.common-controls_6595b64144ccf1df_6.0.9600.18006_none_623f33d3ecbe86e8\COMCTL32.dll
0x0000000069ad0000 - 0x0000000069ba1000 	C:\Program Files\Java\jdk1.7.0_11\jre\bin\msvcr100.dll
0x0000000069bb0000 - 0x000000006a2cf000 	C:\Program Files\Java\jdk1.7.0_11\jre\bin\server\jvm.dll
0x00007ffba81c0000 - 0x00007ffba81c9000 	C:\WINDOWS\SYSTEM32\WSOCK32.dll
0x00007ffbadf90000 - 0x00007ffbadfb2000 	C:\WINDOWS\SYSTEM32\WINMM.dll
0x00007ffbb10a0000 - 0x00007ffbb10a7000 	C:\WINDOWS\system32\PSAPI.DLL
0x00007ffbb19f0000 - 0x00007ffbb1a4a000 	C:\WINDOWS\system32\WS2_32.dll
0x00007ffbadd00000 - 0x00007ffbadd2a000 	C:\WINDOWS\SYSTEM32\WINMMBASE.dll
0x00007ffbb1250000 - 0x00007ffbb1259000 	C:\WINDOWS\system32\NSI.dll
0x00007ffbb0e20000 - 0x00007ffbb0e6f000 	C:\WINDOWS\SYSTEM32\cfgmgr32.dll
0x00007ffbaf990000 - 0x00007ffbaf9b8000 	C:\WINDOWS\SYSTEM32\DEVOBJ.dll
0x000000006a6c0000 - 0x000000006a6cf000 	C:\Program Files\Java\jdk1.7.0_11\jre\bin\verify.dll
0x000000006a690000 - 0x000000006a6b8000 	C:\Program Files\Java\jdk1.7.0_11\jre\bin\java.dll
0x000000006a670000 - 0x000000006a685000 	C:\Program Files\Java\jdk1.7.0_11\jre\bin\zip.dll
0x000000006a650000 - 0x000000006a669000 	C:\Program Files\Java\jdk1.7.0_11\jre\bin\net.dll
0x00007ffbb0360000 - 0x00007ffbb03b9000 	C:\WINDOWS\system32\mswsock.dll
0x000000006a630000 - 0x000000006a641000 	C:\Program Files\Java\jdk1.7.0_11\jre\bin\nio.dll
0x00007ffba69a0000 - 0x00007ffba6b29000 	C:\WINDOWS\SYSTEM32\dbghelp.dll

VM Arguments:
jvm_args: -Xmx1024M -Dfile.encoding=GBK -Duser.country=CN -Duser.language=zh -Duser.variant 
java_command: com.android.dx.command.Main --dex --num-threads=4 --output E:\AndroidPrac\StudyInBeihang0\app\build\intermediates\dex\debug E:\AndroidPrac\StudyInBeihang0\app\build\intermediates\classes\debug E:\AndroidPrac\StudyInBeihang0\app\build\intermediates\pre-dexed\debug\support-annotations-23.1.1-05794064ba98783ec1494eca3eeff0beba959c80.jar E:\AndroidPrac\StudyInBeihang0\app\build\intermediates\pre-dexed\debug\internal_impl-23.1.1-200d65b7200b9bec54c7a8b0bb3ac5d1c75a1d62.jar E:\AndroidPrac\StudyInBeihang0\app\build\intermediates\pre-dexed\debug\classes-6423c378ce252a3f0df6e2a9c4de16582438387c.jar E:\AndroidPrac\StudyInBeihang0\app\build\intermediates\pre-dexed\debug\mpandroidchartlibrary-2-1-6-40292836169c8d92d06589f1e16c0c283e5cf281.jar E:\AndroidPrac\StudyInBeihang0\app\build\intermediates\pre-dexed\debug\classes-944fdffe2092391d76df62c985a7a054eb43ffd3.jar
Launcher Type: SUN_STANDARD

Environment Variables:
JAVA_HOME=C:\Program Files\Java\jdk1.7.0_11
CLASSPATH=¡°.;C:\Program Files\Java\jdk1.7.0_11\lib\dt.jar;C:\Program Files\Java\jdk1.7.0_11\lib\tools.jar;
USERNAME=SONY
OS=Windows_NT
PROCESSOR_IDENTIFIER=Intel64 Family 6 Model 69 Stepping 1, GenuineIntel



---------------  S Y S T E M  ---------------

OS: Windows 8 , 64 bit Build 9200 

CPU:total 4 (2 cores per cpu, 2 threads per core) family 6 model 69 stepping 1, cmov, cx8, fxsr, mmx, sse, sse2, sse3, ssse3, sse4.1, sse4.2, popcnt, avx, avx2, ht, tsc, tscinvbit

Memory: 4k page, physical 8118068k(3760256k free), swap 16244532k(6535708k free)

vm_info: Java HotSpot(TM) 64-Bit Server VM (23.6-b04) for windows-amd64 JRE (1.7.0_11-b21), built on Jan 12 2013 02:38:42 by "java_re" with unknown MS VC++:1600

time: Tue Mar 08 09:13:18 2016
elapsed time: 3 seconds

