#
# A fatal error has been detected by the Java Runtime Environment:
#
#  EXCEPTION_ACCESS_VIOLATION (0xc0000005) at pc=0x00000000697179e5, pid=13992, tid=15956
#
# JRE version: 7.0_11-b21
# Java VM: Java HotSpot(TM) 64-Bit Server VM (23.6-b04 mixed mode windows-amd64 compressed oops)
# Problematic frame:
# V  [jvm.dll+0x3a79e5]
#
# Failed to write core dump. Minidumps are not enabled by default on client versions of Windows
#
# If you would like to submit a bug report, please visit:
#   http://bugreport.sun.com/bugreport/crash.jsp
#

---------------  T H R E A D  ---------------

Current thread (0x00000000091b1800):  JavaThread "C2 CompilerThread0" daemon [_thread_in_native, id=15956, stack(0x000000000a740000,0x000000000a840000)]

siginfo: ExceptionCode=0xc0000005, reading address 0x000000000be6fff8

Registers:
RAX=0x0000000000000016, RBX=0x000000000be77818, RCX=0x000000000bec1bc0, RDX=0x000000000be6fff8
RSP=0x000000000a83c3f0, RBP=0x000000000a83c470, RSI=0xfffffffffffffff8, RDI=0x000000000bd72138
R8 =0x000000000b7d0c10, R9 =0x0000000000000001, R10=0x000000000bd721a0, R11=0x000000000ae46ec0
R12=0x0000000000000000, R13=0x000000000b7d0c10, R14=0x0000000000000003, R15=0x000000000a83c740
RIP=0x00000000697179e5, EFLAGS=0x0000000000010212

Top of Stack: (sp=0x000000000a83c3f0)
0x000000000a83c3f0:   000000000bd72298 000000000a83c470
0x000000000a83c400:   fffffffffffffff8 000000000ac27af0
0x000000000a83c410:   000000000be77818 000000006979d897
0x000000000a83c420:   000000000be77818 000000000a83c470
0x000000000a83c430:   000000000ae46e00 ffffffff00140015
0x000000000a83c440:   000000000b951870 000000000b994230
0x000000000a83c450:   000000000b9504f0 00000000091a50a0
0x000000000a83c460:   0000000000000014 0000000000000001
0x000000000a83c470:   000000000a83ea00 000000000a83e8b0
0x000000000a83c480:   000000000a83c4d0 000000006979dee3
0x000000000a83c490:   00000000000010f5 000000000a83c740
0x000000000a83c4a0:   000000000a83c4d0 0000000000000000
0x000000000a83c4b0:   0000000000100000 0000000000000000
0x000000000a83c4c0:   0000000000000000 00000000697993e9
0x000000000a83c4d0:   000000000a83ef44 0000000000000000
0x000000000a83c4e0:   0000000069863838 000000000a83e8b0 

Instructions: (pc=0x00000000697179e5)
0x00000000697179c5:   8b 04 ca 48 8b f9 4d 85 c0 74 27 49 8b 48 10 48
0x00000000697179d5:   85 c9 74 1e 41 8b 40 20 48 8d 14 c1 48 83 ea 08
0x00000000697179e5:   48 39 3a 75 f7 ff c8 41 89 40 20 48 8b 0c c1 48
0x00000000697179f5:   89 0a 4b 89 1c ca 48 85 db 74 25 48 83 7b 10 00 


Register to memory mapping:

RAX=0x0000000000000016 is an unknown value
RBX=0x000000000be77818 is an unknown value
RCX=0x000000000bec1bc0 is an unknown value
RDX=0x000000000be6fff8 is an unknown value
RSP=0x000000000a83c3f0 is pointing into the stack for thread: 0x00000000091b1800
RBP=0x000000000a83c470 is pointing into the stack for thread: 0x00000000091b1800
RSI=0xfffffffffffffff8 is an unknown value
RDI=0x000000000bd72138 is an unknown value
R8 =0x000000000b7d0c10 is an unknown value
R9 =0x0000000000000001 is an unknown value
R10=0x000000000bd721a0 is an unknown value
R11=0x000000000ae46ec0 is an unknown value
R12=0x0000000000000000 is an unknown value
R13=0x000000000b7d0c10 is an unknown value
R14=0x0000000000000003 is an unknown value
R15=0x000000000a83c740 is pointing into the stack for thread: 0x00000000091b1800


Stack: [0x000000000a740000,0x000000000a840000],  sp=0x000000000a83c3f0,  free space=1008k
Native frames: (J=compiled Java code, j=interpreted, Vv=VM code, C=native code)
V  [jvm.dll+0x3a79e5]
C  0x000000000a83e8b0


Current CompileTask:
C2:   5434  362             com.android.dx.dex.cf.CfTranslator::translate0 (259 bytes)


---------------  P R O C E S S  ---------------

Java Threads: ( => current thread )
  0x000000000ad01000 JavaThread "pool-1-thread-4" [_thread_blocked, id=14912, stack(0x000000000b340000,0x000000000b440000)]
  0x000000000acee000 JavaThread "pool-1-thread-3" [_thread_in_vm, id=14248, stack(0x000000000b240000,0x000000000b340000)]
  0x000000000aced800 JavaThread "pool-1-thread-2" [_thread_blocked, id=17040, stack(0x000000000b140000,0x000000000b240000)]
  0x000000000acec800 JavaThread "pool-2-thread-1" [_thread_blocked, id=13636, stack(0x000000000b040000,0x000000000b140000)]
  0x000000000ac82800 JavaThread "pool-1-thread-1" [_thread_blocked, id=17368, stack(0x000000000af40000,0x000000000b040000)]
  0x00000000091c4800 JavaThread "Service Thread" daemon [_thread_blocked, id=17164, stack(0x000000000a940000,0x000000000aa40000)]
  0x00000000091b3800 JavaThread "C2 CompilerThread1" daemon [_thread_blocked, id=16940, stack(0x000000000a840000,0x000000000a940000)]
=>0x00000000091b1800 JavaThread "C2 CompilerThread0" daemon [_thread_in_native, id=15956, stack(0x000000000a740000,0x000000000a840000)]
  0x00000000091b1000 JavaThread "Attach Listener" daemon [_thread_blocked, id=8848, stack(0x000000000a640000,0x000000000a740000)]
  0x00000000091ae000 JavaThread "Signal Dispatcher" daemon [_thread_blocked, id=16156, stack(0x000000000a540000,0x000000000a640000)]
  0x0000000009121800 JavaThread "Finalizer" daemon [_thread_blocked, id=9964, stack(0x000000000a440000,0x000000000a540000)]
  0x000000000911e000 JavaThread "Reference Handler" daemon [_thread_blocked, id=16848, stack(0x000000000a340000,0x000000000a440000)]
  0x0000000002bd0800 JavaThread "main" [_thread_blocked, id=7284, stack(0x00000000027b0000,0x00000000028b0000)]

Other Threads:
  0x0000000009116800 VMThread [stack: 0x000000000a240000,0x000000000a340000] [id=12468]
  0x0000000009214000 WatcherThread [stack: 0x000000000aa40000,0x000000000ab40000] [id=13224]

VM state:not at safepoint (normal execution)

VM Mutex/Monitor currently owned by a thread: None

Heap
 PSYoungGen      total 68736K, used 8550K [0x00000000eaab0000, 0x00000000ef2f0000, 0x0000000100000000)
  eden space 63488K, 5% used [0x00000000eaab0000,0x00000000eaded038,0x00000000ee8b0000)
  from space 5248K, 99% used [0x00000000eedd0000,0x00000000ef2ecab8,0x00000000ef2f0000)
  to   space 5248K, 0% used [0x00000000ee8b0000,0x00000000ee8b0000,0x00000000eedd0000)
 ParOldGen       total 84608K, used 4240K [0x00000000c0000000, 0x00000000c52a0000, 0x00000000eaab0000)
  object space 84608K, 5% used [0x00000000c0000000,0x00000000c0424190,0x00000000c52a0000)
 PSPermGen       total 21248K, used 6055K [0x00000000bae00000, 0x00000000bc2c0000, 0x00000000c0000000)
  object space 21248K, 28% used [0x00000000bae00000,0x00000000bb3e9c50,0x00000000bc2c0000)

Card table byte_map: [0x0000000005d80000,0x0000000005fb0000] byte_map_base: 0x00000000057a9000

Polling page: 0x0000000000f50000

Code Cache  [0x0000000002d80000, 0x0000000002ff0000, 0x0000000005d80000)
 total_blobs=597 nmethods=360 adapters=188 free_code_cache=47714Kb largest_free_block=48821248

Compilation events (10 events):
Event: 5.308 Thread 0x00000000091b3800 nmethod 357 0x0000000002e04ad0 code [0x0000000002e04c40, 0x0000000002e04e58]
Event: 5.308 Thread 0x00000000091b3800  358             com.android.dx.ssa.SsaMethod::makeExitBlock (134 bytes)
Event: 5.358 Thread 0x00000000091b3800 nmethod 358 0x0000000002ee1e50 code [0x0000000002ee2080, 0x0000000002ee3370]
Event: 5.361 Thread 0x00000000091b3800  359             com.android.dx.ssa.back.SsaToRop::convertBasicBlocks (151 bytes)
Event: 5.371 Thread 0x00000000091b1800 nmethod 343 0x0000000002ee4810 code [0x0000000002ee4c00, 0x0000000002ee7b88]
Event: 5.372 Thread 0x00000000091b1800  360             com.android.dx.ssa.SsaMethod::getCountReachableBlocks (44 bytes)
Event: 5.377 Thread 0x00000000091b1800 nmethod 360 0x0000000002ebb5d0 code [0x0000000002ebb720, 0x0000000002ebb968]
Event: 5.378 Thread 0x00000000091b1800  361             com.android.dx.cf.attrib.BaseAttribute::getName (5 bytes)
Event: 5.378 Thread 0x00000000091b1800 nmethod 361 0x0000000002ebfd50 code [0x0000000002ebfe80, 0x0000000002ebfed8]
Event: 5.385 Thread 0x00000000091b1800  362             com.android.dx.dex.cf.CfTranslator::translate0 (259 bytes)

GC Heap History (4 events):
Event: 2.092 GC heap before
{Heap before GC invocations=1 (full 0):
 PSYoungGen      total 36992K, used 31744K [0x00000000eaab0000, 0x00000000ed3f0000, 0x0000000100000000)
  eden space 31744K, 100% used [0x00000000eaab0000,0x00000000ec9b0000,0x00000000ec9b0000)
  from space 5248K, 0% used [0x00000000eced0000,0x00000000eced0000,0x00000000ed3f0000)
  to   space 5248K, 0% used [0x00000000ec9b0000,0x00000000ec9b0000,0x00000000eced0000)
 ParOldGen       total 84608K, used 0K [0x00000000c0000000, 0x00000000c52a0000, 0x00000000eaab0000)
  object space 84608K, 0% used [0x00000000c0000000,0x00000000c0000000,0x00000000c52a0000)
 PSPermGen       total 21248K, used 5899K [0x00000000bae00000, 0x00000000bc2c0000, 0x00000000c0000000)
  object space 21248K, 27% used [0x00000000bae00000,0x00000000bb3c2e78,0x00000000bc2c0000)
Event: 2.817 GC heap after
Heap after GC invocations=1 (full 0):
 PSYoungGen      total 36992K, used 5228K [0x00000000eaab0000, 0x00000000ef2f0000, 0x0000000100000000)
  eden space 31744K, 0% used [0x00000000eaab0000,0x00000000eaab0000,0x00000000ec9b0000)
  from space 5248K, 99% used [0x00000000ec9b0000,0x00000000ececb210,0x00000000eced0000)
  to   space 5248K, 0% used [0x00000000eedd0000,0x00000000eedd0000,0x00000000ef2f0000)
 ParOldGen       total 84608K, used 742K [0x00000000c0000000, 0x00000000c52a0000, 0x00000000eaab0000)
  object space 84608K, 0% used [0x00000000c0000000,0x00000000c00b9a70,0x00000000c52a0000)
 PSPermGen       total 21248K, used 5899K [0x00000000bae00000, 0x00000000bc2c0000, 0x00000000c0000000)
  object space 21248K, 27% used [0x00000000bae00000,0x00000000bb3c2e78,0x00000000bc2c0000)
}
Event: 4.949 GC heap before
{Heap before GC invocations=2 (full 0):
 PSYoungGen      total 36992K, used 36972K [0x00000000eaab0000, 0x00000000ef2f0000, 0x0000000100000000)
  eden space 31744K, 100% used [0x00000000eaab0000,0x00000000ec9b0000,0x00000000ec9b0000)
  from space 5248K, 99% used [0x00000000ec9b0000,0x00000000ececb210,0x00000000eced0000)
  to   space 5248K, 0% used [0x00000000eedd0000,0x00000000eedd0000,0x00000000ef2f0000)
 ParOldGen       total 84608K, used 742K [0x00000000c0000000, 0x00000000c52a0000, 0x00000000eaab0000)
  object space 84608K, 0% used [0x00000000c0000000,0x00000000c00b9a70,0x00000000c52a0000)
 PSPermGen       total 21248K, used 6052K [0x00000000bae00000, 0x00000000bc2c0000, 0x00000000c0000000)
  object space 21248K, 28% used [0x00000000bae00000,0x00000000bb3e9080,0x00000000bc2c0000)
Event: 5.185 GC heap after
Heap after GC invocations=2 (full 0):
 PSYoungGen      total 68736K, used 5234K [0x00000000eaab0000, 0x00000000ef2f0000, 0x0000000100000000)
  eden space 63488K, 0% used [0x00000000eaab0000,0x00000000eaab0000,0x00000000ee8b0000)
  from space 5248K, 99% used [0x00000000eedd0000,0x00000000ef2ecab8,0x00000000ef2f0000)
  to   space 5248K, 0% used [0x00000000ee8b0000,0x00000000ee8b0000,0x00000000eedd0000)
 ParOldGen       total 84608K, used 4240K [0x00000000c0000000, 0x00000000c52a0000, 0x00000000eaab0000)
  object space 84608K, 5% used [0x00000000c0000000,0x00000000c0424190,0x00000000c52a0000)
 PSPermGen       total 21248K, used 6052K [0x00000000bae00000, 0x00000000bc2c0000, 0x00000000c0000000)
  object space 21248K, 28% used [0x00000000bae00000,0x00000000bb3e9080,0x00000000bc2c0000)
}

Deoptimization events (10 events):
Event: 0.871 Thread 0x000000000acee000 Uncommon trap -34 fr.pc 0x0000000002dfb2c0
Event: 0.871 Thread 0x000000000acee000 Uncommon trap -34 fr.pc 0x0000000002dfb2c0
Event: 0.871 Thread 0x000000000acee000 Uncommon trap -34 fr.pc 0x0000000002dfb2c0
Event: 1.005 Thread 0x000000000ac82800 Uncommon trap -12 fr.pc 0x0000000002e05060
Event: 1.167 Thread 0x000000000aced800 Uncommon trap -83 fr.pc 0x0000000002e0dc84
Event: 1.819 Thread 0x000000000ac82800 Uncommon trap -12 fr.pc 0x0000000002e3dda4
Event: 2.857 Thread 0x000000000acee000 Uncommon trap -12 fr.pc 0x0000000002e268d0
Event: 3.347 Thread 0x000000000ac82800 Uncommon trap -12 fr.pc 0x0000000002e461e8
Event: 3.352 Thread 0x0000000002bd0800 Uncommon trap -12 fr.pc 0x0000000002e6163c
Event: 4.743 Thread 0x000000000ad01000 Uncommon trap -83 fr.pc 0x0000000002ec840c

Internal exceptions (10 events):
Event: 2.857 Thread 0x000000000acee000 Implicit null exception at 0x0000000002e267d2 to 0x0000000002e268c2
Event: 3.347 Thread 0x000000000ac82800 Implicit null exception at 0x0000000002e44f40 to 0x0000000002e461b1
Event: 3.352 Thread 0x0000000002bd0800 Implicit null exception at 0x0000000002e60f4f to 0x0000000002e6162d
Event: 3.354 Thread 0x0000000002bd0800 Threw 0x00000000eb233d78 at C:\jdk7u1_64p\jdk7u11\hotspot\src\share\vm\prims\jvm.cpp:1166
Event: 3.356 Thread 0x0000000002bd0800 Threw 0x00000000eb23dd00 at C:\jdk7u1_64p\jdk7u11\hotspot\src\share\vm\prims\jvm.cpp:1166
Event: 3.356 Thread 0x0000000002bd0800 Threw 0x00000000eb240328 at C:\jdk7u1_64p\jdk7u11\hotspot\src\share\vm\prims\jvm.cpp:1166
Event: 3.359 Thread 0x0000000002bd0800 Threw 0x00000000eb2506e0 at C:\jdk7u1_64p\jdk7u11\hotspot\src\share\vm\prims\jvm.cpp:1166
Event: 3.362 Thread 0x000000000aced800 Threw 0x00000000eb7018e8 at C:\jdk7u1_64p\jdk7u11\hotspot\src\share\vm\prims\jvm.cpp:1166
Event: 3.363 Thread 0x000000000aced800 Threw 0x00000000eb707128 at C:\jdk7u1_64p\jdk7u11\hotspot\src\share\vm\prims\jvm.cpp:1166
Event: 4.187 Thread 0x000000000aced800 Threw 0x00000000eb70c6f0 at C:\jdk7u1_64p\jdk7u11\hotspot\src\share\vm\prims\jvm.cpp:1166

Events (10 events):
Event: 3.363 loading class 0x000000000ad88ab0
Event: 3.363 loading class 0x000000000ad88ab0 done
Event: 4.187 Executing VM operation: EnableBiasedLocking
Event: 4.187 Executing VM operation: EnableBiasedLocking done
Event: 4.743 Thread 0x000000000ad01000 DEOPT PACKING pc=0x0000000002ec840c sp=0x000000000b43ea50
Event: 4.743 Thread 0x000000000ad01000 DEOPT UNPACKING pc=0x0000000002db9164 sp=0x000000000b43ea20 mode 2
Event: 4.777 Executing VM operation: ParallelGCFailedAllocation
Event: 5.185 Executing VM operation: ParallelGCFailedAllocation done
Event: 5.197 Thread 0x00000000091b3800 flushing nmethod 0x0000000002dfaf90
Event: 5.252 Thread 0x00000000091b3800 flushing nmethod 0x0000000002e04990


Dynamic libraries:
0x00007ff7a5e00000 - 0x00007ff7a5e33000 	C:\Program Files\Java\jdk1.7.0_11\bin\java.exe
0x00007ff9086a0000 - 0x00007ff90884d000 	C:\WINDOWS\SYSTEM32\ntdll.dll
0x00007ff907ec0000 - 0x00007ff907ffe000 	C:\WINDOWS\system32\KERNEL32.DLL
0x00007ff905970000 - 0x00007ff905a85000 	C:\WINDOWS\system32\KERNELBASE.dll
0x00007ff904390000 - 0x00007ff90441e000 	C:\WINDOWS\system32\apphelp.dll
0x00007ff8f2010000 - 0x00007ff8f2063000 	C:\WINDOWS\AppPatch\AppPatch64\AcGenral.DLL
0x00007ff9078a0000 - 0x00007ff90794a000 	C:\WINDOWS\system32\msvcrt.dll
0x00007ff9055c0000 - 0x00007ff9055ee000 	C:\WINDOWS\SYSTEM32\SspiCli.dll
0x00007ff907c90000 - 0x00007ff907ce4000 	C:\WINDOWS\system32\SHLWAPI.dll
0x00007ff908000000 - 0x00007ff908177000 	C:\WINDOWS\system32\USER32.dll
0x00007ff9076f0000 - 0x00007ff907884000 	C:\WINDOWS\system32\ole32.dll
0x00007ff905d20000 - 0x00007ff90724a000 	C:\WINDOWS\system32\SHELL32.dll
0x00007ff904fb0000 - 0x00007ff904fd1000 	C:\WINDOWS\SYSTEM32\USERENV.dll
0x00007ff907250000 - 0x00007ff9072fa000 	C:\WINDOWS\system32\ADVAPI32.dll
0x00007ff8f4e60000 - 0x00007ff8f4e7e000 	C:\WINDOWS\SYSTEM32\MPR.dll
0x00007ff907d70000 - 0x00007ff907eb1000 	C:\WINDOWS\system32\RPCRT4.dll
0x00007ff907690000 - 0x00007ff9076e9000 	C:\WINDOWS\SYSTEM32\sechost.dll
0x00007ff908200000 - 0x00007ff908411000 	C:\WINDOWS\SYSTEM32\combase.dll
0x00007ff907420000 - 0x00007ff907570000 	C:\WINDOWS\system32\GDI32.dll
0x00007ff9057f0000 - 0x00007ff905805000 	C:\WINDOWS\SYSTEM32\profapi.dll
0x00007ff903da0000 - 0x00007ff903e52000 	C:\WINDOWS\SYSTEM32\SHCORE.dll
0x00007ff907650000 - 0x00007ff907686000 	C:\WINDOWS\system32\IMM32.DLL
0x00007ff907950000 - 0x00007ff907aa2000 	C:\WINDOWS\system32\MSCTF.dll
0x00007ff9038c0000 - 0x00007ff903b3b000 	C:\WINDOWS\WinSxS\amd64_microsoft.windows.common-controls_6595b64144ccf1df_6.0.9600.18006_none_623f33d3ecbe86e8\COMCTL32.dll
0x0000000069290000 - 0x0000000069361000 	C:\Program Files\Java\jdk1.7.0_11\jre\bin\msvcr100.dll
0x0000000069370000 - 0x0000000069a8f000 	C:\Program Files\Java\jdk1.7.0_11\jre\bin\server\jvm.dll
0x00007ff8fc590000 - 0x00007ff8fc599000 	C:\WINDOWS\SYSTEM32\WSOCK32.dll
0x00007ff902ce0000 - 0x00007ff902d02000 	C:\WINDOWS\SYSTEM32\WINMM.dll
0x00007ff907890000 - 0x00007ff907897000 	C:\WINDOWS\system32\PSAPI.DLL
0x00007ff907300000 - 0x00007ff90735a000 	C:\WINDOWS\system32\WS2_32.dll
0x00007ff902a90000 - 0x00007ff902aba000 	C:\WINDOWS\SYSTEM32\WINMMBASE.dll
0x00007ff907d60000 - 0x00007ff907d69000 	C:\WINDOWS\system32\NSI.dll
0x00007ff905a90000 - 0x00007ff905adf000 	C:\WINDOWS\SYSTEM32\cfgmgr32.dll
0x00007ff904610000 - 0x00007ff904638000 	C:\WINDOWS\SYSTEM32\DEVOBJ.dll
0x000000006a420000 - 0x000000006a42f000 	C:\Program Files\Java\jdk1.7.0_11\jre\bin\verify.dll
0x000000006a3f0000 - 0x000000006a418000 	C:\Program Files\Java\jdk1.7.0_11\jre\bin\java.dll
0x000000006a3d0000 - 0x000000006a3e5000 	C:\Program Files\Java\jdk1.7.0_11\jre\bin\zip.dll
0x000000006a3b0000 - 0x000000006a3c9000 	C:\Program Files\Java\jdk1.7.0_11\jre\bin\net.dll
0x00007ff904fe0000 - 0x00007ff905039000 	C:\WINDOWS\system32\mswsock.dll
0x000000006a390000 - 0x000000006a3a1000 	C:\Program Files\Java\jdk1.7.0_11\jre\bin\nio.dll
0x00007ff9021b0000 - 0x00007ff902339000 	C:\WINDOWS\SYSTEM32\dbghelp.dll

VM Arguments:
jvm_args: -Xmx1024M -Dfile.encoding=GBK -Duser.country=CN -Duser.language=zh -Duser.variant 
java_command: com.android.dx.command.Main --dex --num-threads=4 --output E:\AndroidPrac\StudyInBeihang\app\build\intermediates\pre-dexed\debug\internal_impl-23.1.1-f421a7dd1eaee345a7546885c01e9a0af995638c.jar E:\AndroidPrac\StudyInBeihang\app\build\intermediates\exploded-aar\com.android.support\support-v4\23.1.1\jars\libs\internal_impl-23.1.1.jar
Launcher Type: SUN_STANDARD

Environment Variables:
JAVA_HOME=C:\Program Files\Java\jdk1.7.0_11
CLASSPATH=¡°.;C:\Program Files\Java\jdk1.7.0_11\lib\dt.jar;C:\Program Files\Java\jdk1.7.0_11\lib\tools.jar;
PATH=C:\Program Files\Broadcom\Broadcom 802.11 Network Adapter;;C:\Program Files\Java\jdk1.7.0_11\bin;C:\Program Files (x86)\NVIDIA Corporation\PhysX\Common;C:\Program Files (x86)\Intel\iCLS Client\;C:\Program Files\Intel\iCLS Client\;C:\WINDOWS\system32;C:\WINDOWS;C:\WINDOWS\System32\Wbem;C:\WINDOWS\System32\WindowsPowerShell\v1.0\;C:\Program Files\Intel\Intel(R) Management Engine Components\DAL;C:\Program Files\Intel\Intel(R) Management Engine Components\IPT;C:\Program Files (x86)\Intel\Intel(R) Management Engine Components\DAL;C:\Program Files (x86)\Intel\Intel(R) Management Engine Components\IPT;C:\Program Files\WIDCOMM\Bluetooth Software\;C:\Program Files\WIDCOMM\Bluetooth Software\syswow64;C:\Program Files (x86)\Intel\OpenCL SDK\3.0\bin\x86;C:\Program Files (x86)\Intel\OpenCL SDK\3.0\bin\x64;C:\Program Files\Sony\VAIO Improvement;C:\Program Files (x86)\Sony\VAIO BIOS Data Transfer Utility\;C:\Program Files (x86)\Sony\VAIO Startup Setting Tool;C:\Program Files (x86)\Windows Kits\8.1\Windows Performance Toolkit\;C:\Program Files\Microsoft SQL Server\110\Tools\Binn\;F:\opencv program\opencv\build\x86\vc12\bin;c:\Program Files (x86)\Microsoft SQL Server\100\Tools\Binn\;c:\Program Files\Microsoft SQL Server\100\Tools\Binn\;c:\Program Files\Microsoft SQL Server\100\DTS\Binn\;c:\Program Files (x86)\Microsoft SQL Server\100\Tools\Binn\VSShell\Common7\IDE\;c:\Program Files (x86)\Microsoft SQL Server\100\DTS\Binn\;C:\Program Files (x86)\CodeBlocks\MinGW\bin;G:\runtime\win64;G:\bin;C:\Program Files\MATLAB\R2014b\runtime\win64;C:\Program Files\MATLAB\R2014b\bin;C:\Program Files\MATLAB\R2014b\polyspace\bin;C:\Program Files\MiKTeX 2.9\miktex\bin\x64\;C:\Program Files (x86)\Skype\Phone\;c:\users\sony\appdata\local\enthought\canopy\user\scripts;F:\opencv program\opencv\build\x86\vc12\bin;C:\Users\SONY\AppData\Local\Enthought\Canopy\User;C:\Users\SONY\AppData\Local\Enthought\Canopy\User\Scripts;G:\adt-bundle-windows-x86_64-20140702\sdk\platform-tools
USERNAME=SONY
OS=Windows_NT
PROCESSOR_IDENTIFIER=Intel64 Family 6 Model 69 Stepping 1, GenuineIntel



---------------  S Y S T E M  ---------------

OS: Windows 8 , 64 bit Build 9200 

CPU:total 4 (2 cores per cpu, 2 threads per core) family 6 model 69 stepping 1, cmov, cx8, fxsr, mmx, sse, sse2, sse3, ssse3, sse4.1, sse4.2, popcnt, avx, avx2, ht, tsc, tscinvbit

Memory: 4k page, physical 8118068k(2376588k free), swap 16244532k(6456928k free)

vm_info: Java HotSpot(TM) 64-Bit Server VM (23.6-b04) for windows-amd64 JRE (1.7.0_11-b21), built on Jan 12 2013 02:38:42 by "java_re" with unknown MS VC++:1600

time: Fri Feb 19 21:11:25 2016
elapsed time: 5 seconds

