#
# A fatal error has been detected by the Java Runtime Environment:
#
#  EXCEPTION_ACCESS_VIOLATION (0xc0000005) at pc=0x0000000000000000, pid=1156, tid=13112
#
# JRE version: 7.0_11-b21
# Java VM: Java HotSpot(TM) 64-Bit Server VM (23.6-b04 mixed mode windows-amd64 compressed oops)
# Problematic frame:
# C  0x0000000000000000
#
# Failed to write core dump. Minidumps are not enabled by default on client versions of Windows
#
# If you would like to submit a bug report, please visit:
#   http://bugreport.sun.com/bugreport/crash.jsp
#

---------------  T H R E A D  ---------------

Current thread (0x0000000009213800):  JavaThread "C2 CompilerThread1" daemon [_thread_in_native, id=13112, stack(0x000000000a8a0000,0x000000000a9a0000)]

siginfo: ExceptionCode=0xc0000005, ExceptionInformation=0x0000000000000008 0x0000000000000000

Registers:
RAX=0x0000000069a24d00, RBX=0x000000000000000a, RCX=0x000000000ad0d1f0, RDX=0x000000000b686e70
RSP=0x000000000a99c7b8, RBP=0x0000000000000000, RSI=0x000000000ad0d1f0, RDI=0x000000000b686e70
R8 =0x000000000bc95638, R9 =0x000000000b7db958, R10=0x000000000b686e70, R11=0x0000000000000000
R12=0x0000000000000000, R13=0x000000000a99ca70, R14=0x0000000000000000, R15=0x000000000a99ca70
RIP=0x0000000000000000, EFLAGS=0x0000000000010287

Top of Stack: (sp=0x000000000a99c7b8)
0x000000000a99c7b8:   000000006974b3ed 000000000aec4550
0x000000000a99c7c8:   0000000000000007 0000000000000040
0x000000000a99c7d8:   0000000000000008 000000000b686e70
0x000000000a99c7e8:   000000006972d9e5 0000000000000000
0x000000000a99c7f8:   0000000000000000 0000000000000000
0x000000000a99c808:   0000000000000000 000000000bb68230
0x000000000a99c818:   0000000069749e3e 000000000000112a
0x000000000a99c828:   000000000a99ca70 000000000a99cab8
0x000000000a99c838:   000000000b7db9f8 000000000b7db958
0x000000000a99c848:   000000000b686e70 000000000b7db901
0x000000000a99c858:   000000000bc95638 000000000b7db958
0x000000000a99c868:   000000006974b97c 0000000000000000
0x000000000a99c878:   000000000b7db9f0 000000000bc95638
0x000000000a99c888:   000000000b7db958 000000000a99c958
0x000000000a99c898:   000000000a99c930 000000000a99cab8
0x000000000a99c8a8:   0000000069413339 0000000000000000 

Instructions: (pc=0x0000000000000000)
0xffffffffffffffe0:   


Register to memory mapping:

RAX=0x0000000069a24d00 is an unknown value
RBX=0x000000000000000a is an unknown value
RCX=0x000000000ad0d1f0 is an unknown value
RDX=0x000000000b686e70 is an unknown value
RSP=0x000000000a99c7b8 is pointing into the stack for thread: 0x0000000009213800
RBP=0x0000000000000000 is an unknown value
RSI=0x000000000ad0d1f0 is an unknown value
RDI=0x000000000b686e70 is an unknown value
R8 =0x000000000bc95638 is an unknown value
R9 =0x000000000b7db958 is an unknown value
R10=0x000000000b686e70 is an unknown value
R11=0x0000000000000000 is an unknown value
R12=0x0000000000000000 is an unknown value
R13=0x000000000a99ca70 is pointing into the stack for thread: 0x0000000009213800
R14=0x0000000000000000 is an unknown value
R15=0x000000000a99ca70 is pointing into the stack for thread: 0x0000000009213800


Stack: [0x000000000a8a0000,0x000000000a9a0000],  sp=0x000000000a99c7b8,  free space=1009k

Current CompileTask:
C2:   7470  340             com.android.dx.ssa.DeadCodeRemover::run (194 bytes)


---------------  P R O C E S S  ---------------

Java Threads: ( => current thread )
  0x000000000ad67800 JavaThread "pool-1-thread-4" [_thread_in_Java, id=9608, stack(0x000000000b3a0000,0x000000000b4a0000)]
  0x000000000ad67000 JavaThread "pool-1-thread-3" [_thread_blocked, id=16408, stack(0x000000000b2a0000,0x000000000b3a0000)]
  0x000000000adc2000 JavaThread "pool-1-thread-2" [_thread_blocked, id=11364, stack(0x000000000b1a0000,0x000000000b2a0000)]
  0x00000000092ae000 JavaThread "pool-2-thread-1" [_thread_blocked, id=17352, stack(0x000000000b0a0000,0x000000000b1a0000)]
  0x00000000092ad800 JavaThread "pool-1-thread-1" [_thread_blocked, id=11492, stack(0x000000000afa0000,0x000000000b0a0000)]
  0x0000000009227800 JavaThread "Service Thread" daemon [_thread_blocked, id=14240, stack(0x000000000a9a0000,0x000000000aaa0000)]
=>0x0000000009213800 JavaThread "C2 CompilerThread1" daemon [_thread_in_native, id=13112, stack(0x000000000a8a0000,0x000000000a9a0000)]
  0x0000000009211800 JavaThread "C2 CompilerThread0" daemon [_thread_blocked, id=8944, stack(0x000000000a7a0000,0x000000000a8a0000)]
  0x0000000009210800 JavaThread "Attach Listener" daemon [_thread_blocked, id=16624, stack(0x000000000a6a0000,0x000000000a7a0000)]
  0x00000000091ea800 JavaThread "Signal Dispatcher" daemon [_thread_blocked, id=15816, stack(0x000000000a5a0000,0x000000000a6a0000)]
  0x0000000009181800 JavaThread "Finalizer" daemon [_thread_in_vm, id=16304, stack(0x000000000a4a0000,0x000000000a5a0000)]
  0x000000000917e000 JavaThread "Reference Handler" daemon [_thread_blocked, id=17328, stack(0x000000000a3a0000,0x000000000a4a0000)]
  0x0000000002ce0800 JavaThread "main" [_thread_blocked, id=1544, stack(0x0000000002b00000,0x0000000002c00000)]

Other Threads:
  0x0000000009176800 VMThread [stack: 0x000000000a2a0000,0x000000000a3a0000] [id=17292]
  0x0000000009279000 WatcherThread [stack: 0x000000000aaa0000,0x000000000aba0000] [id=16708]

VM state:synchronizing (normal execution)

VM Mutex/Monitor currently owned by a thread:  ([mutex/lock_event])
[0x0000000002cdb7d0] Safepoint_lock - owner thread: 0x0000000009176800
[0x0000000002cdc350] Threads_lock - owner thread: 0x0000000009176800

Heap
 PSYoungGen      total 68736K, used 7450K [0x00000000eaab0000, 0x00000000ef2f0000, 0x0000000100000000)
  eden space 63488K, 3% used [0x00000000eaab0000,0x00000000eacd88d0,0x00000000ee8b0000)
  from space 5248K, 99% used [0x00000000eedd0000,0x00000000ef2ee038,0x00000000ef2f0000)
  to   space 5248K, 0% used [0x00000000ee8b0000,0x00000000ee8b0000,0x00000000eedd0000)
 ParOldGen       total 84608K, used 4134K [0x00000000c0000000, 0x00000000c52a0000, 0x00000000eaab0000)
  object space 84608K, 4% used [0x00000000c0000000,0x00000000c0409b40,0x00000000c52a0000)
 PSPermGen       total 21248K, used 6052K [0x00000000bae00000, 0x00000000bc2c0000, 0x00000000c0000000)
  object space 21248K, 28% used [0x00000000bae00000,0x00000000bb3e91e0,0x00000000bc2c0000)

Card table byte_map: [0x0000000005de0000,0x0000000006010000] byte_map_base: 0x0000000005809000

Polling page: 0x0000000001020000

Code Cache  [0x0000000002de0000, 0x0000000003050000, 0x0000000005de0000)
 total_blobs=586 nmethods=349 adapters=188 free_code_cache=47769Kb largest_free_block=48876160

Compilation events (10 events):
Event: 7.388 Thread 0x0000000009211800 nmethod 348 0x0000000002f22510 code [0x0000000002f22680, 0x0000000002f22958]
Event: 7.389 Thread 0x0000000009211800  349             com.android.dx.ssa.back.LivenessAnalyzer::coInterferePhis (128 bytes)
Event: 7.405 Thread 0x0000000009211800 nmethod 349 0x0000000002f1ca10 code [0x0000000002f1cbe0, 0x0000000002f1d348]
Event: 7.405 Thread 0x0000000009211800  350             com.android.dx.rop.code.ThrowingCstInsn::withNewRegisters (25 bytes)
Event: 7.407 Thread 0x0000000009211800 nmethod 350 0x0000000002f21f10 code [0x0000000002f22060, 0x0000000002f22278]
Event: 7.407 Thread 0x0000000009211800  351             com.android.dx.rop.code.ThrowingCstInsn::accept (8 bytes)
Event: 7.408 Thread 0x0000000009211800 nmethod 351 0x0000000002f03b90 code [0x0000000002f03ce0, 0x0000000002f03d58]
Event: 7.408 Thread 0x0000000009211800  352             com.android.dx.rop.code.LocalVariableInfo::getAssignment (12 bytes)
Event: 7.412 Thread 0x0000000009211800 nmethod 352 0x0000000002f218d0 code [0x0000000002f21a40, 0x0000000002f21c58]
Event: 7.412 Thread 0x0000000009211800  353             com.android.dx.dex.code.RopTranslator$LocalVariableAwareTranslationVisitor::addIntroductionIfNecessary (30 bytes)

GC Heap History (4 events):
Event: 4.056 GC heap before
{Heap before GC invocations=1 (full 0):
 PSYoungGen      total 36992K, used 31744K [0x00000000eaab0000, 0x00000000ed3f0000, 0x0000000100000000)
  eden space 31744K, 100% used [0x00000000eaab0000,0x00000000ec9b0000,0x00000000ec9b0000)
  from space 5248K, 0% used [0x00000000eced0000,0x00000000eced0000,0x00000000ed3f0000)
  to   space 5248K, 0% used [0x00000000ec9b0000,0x00000000ec9b0000,0x00000000eced0000)
 ParOldGen       total 84608K, used 0K [0x00000000c0000000, 0x00000000c52a0000, 0x00000000eaab0000)
  object space 84608K, 0% used [0x00000000c0000000,0x00000000c0000000,0x00000000c52a0000)
 PSPermGen       total 21248K, used 5898K [0x00000000bae00000, 0x00000000bc2c0000, 0x00000000c0000000)
  object space 21248K, 27% used [0x00000000bae00000,0x00000000bb3c2960,0x00000000bc2c0000)
Event: 4.340 GC heap after
Heap after GC invocations=1 (full 0):
 PSYoungGen      total 36992K, used 5227K [0x00000000eaab0000, 0x00000000ef2f0000, 0x0000000100000000)
  eden space 31744K, 0% used [0x00000000eaab0000,0x00000000eaab0000,0x00000000ec9b0000)
  from space 5248K, 99% used [0x00000000ec9b0000,0x00000000ececaeb8,0x00000000eced0000)
  to   space 5248K, 0% used [0x00000000eedd0000,0x00000000eedd0000,0x00000000ef2f0000)
 ParOldGen       total 84608K, used 550K [0x00000000c0000000, 0x00000000c52a0000, 0x00000000eaab0000)
  object space 84608K, 0% used [0x00000000c0000000,0x00000000c0089878,0x00000000c52a0000)
 PSPermGen       total 21248K, used 5898K [0x00000000bae00000, 0x00000000bc2c0000, 0x00000000c0000000)
  object space 21248K, 27% used [0x00000000bae00000,0x00000000bb3c2960,0x00000000bc2c0000)
}
Event: 6.963 GC heap before
{Heap before GC invocations=2 (full 0):
 PSYoungGen      total 36992K, used 36971K [0x00000000eaab0000, 0x00000000ef2f0000, 0x0000000100000000)
  eden space 31744K, 100% used [0x00000000eaab0000,0x00000000ec9b0000,0x00000000ec9b0000)
  from space 5248K, 99% used [0x00000000ec9b0000,0x00000000ececaeb8,0x00000000eced0000)
  to   space 5248K, 0% used [0x00000000eedd0000,0x00000000eedd0000,0x00000000ef2f0000)
 ParOldGen       total 84608K, used 550K [0x00000000c0000000, 0x00000000c52a0000, 0x00000000eaab0000)
  object space 84608K, 0% used [0x00000000c0000000,0x00000000c0089878,0x00000000c52a0000)
 PSPermGen       total 21248K, used 6052K [0x00000000bae00000, 0x00000000bc2c0000, 0x00000000c0000000)
  object space 21248K, 28% used [0x00000000bae00000,0x00000000bb3e9118,0x00000000bc2c0000)
Event: 7.379 GC heap after
Heap after GC invocations=2 (full 0):
 PSYoungGen      total 68736K, used 5240K [0x00000000eaab0000, 0x00000000ef2f0000, 0x0000000100000000)
  eden space 63488K, 0% used [0x00000000eaab0000,0x00000000eaab0000,0x00000000ee8b0000)
  from space 5248K, 99% used [0x00000000eedd0000,0x00000000ef2ee038,0x00000000ef2f0000)
  to   space 5248K, 0% used [0x00000000ee8b0000,0x00000000ee8b0000,0x00000000eedd0000)
 ParOldGen       total 84608K, used 4134K [0x00000000c0000000, 0x00000000c52a0000, 0x00000000eaab0000)
  object space 84608K, 4% used [0x00000000c0000000,0x00000000c0409b40,0x00000000c52a0000)
 PSPermGen       total 21248K, used 6052K [0x00000000bae00000, 0x00000000bc2c0000, 0x00000000c0000000)
  object space 21248K, 28% used [0x00000000bae00000,0x00000000bb3e9118,0x00000000bc2c0000)
}

Deoptimization events (10 events):
Event: 1.358 Thread 0x00000000092ad800 Uncommon trap -34 fr.pc 0x0000000002e5bed8
Event: 1.358 Thread 0x00000000092ad800 Uncommon trap -34 fr.pc 0x0000000002e5bed8
Event: 1.358 Thread 0x00000000092ad800 Uncommon trap -34 fr.pc 0x0000000002e5bed8
Event: 1.414 Thread 0x000000000ad67800 Uncommon trap -12 fr.pc 0x0000000002e62668
Event: 2.374 Thread 0x00000000092ad800 Uncommon trap -83 fr.pc 0x0000000002e61784
Event: 3.836 Thread 0x000000000ad67000 Uncommon trap -12 fr.pc 0x0000000002e99d7c
Event: 4.491 Thread 0x000000000ad67000 Uncommon trap -12 fr.pc 0x0000000002e82010
Event: 5.325 Thread 0x000000000ad67800 Uncommon trap -12 fr.pc 0x0000000002ea675c
Event: 5.411 Thread 0x0000000002ce0800 Uncommon trap -12 fr.pc 0x0000000002ed21bc
Event: 6.387 Thread 0x00000000092ad800 Uncommon trap -83 fr.pc 0x0000000002f2888c

Internal exceptions (10 events):
Event: 4.491 Thread 0x000000000ad67000 Implicit null exception at 0x0000000002e81f12 to 0x0000000002e82002
Event: 5.325 Thread 0x000000000ad67800 Implicit null exception at 0x0000000002ea54b0 to 0x0000000002ea6725
Event: 5.411 Thread 0x0000000002ce0800 Implicit null exception at 0x0000000002ed1acf to 0x0000000002ed21ad
Event: 5.670 Thread 0x0000000002ce0800 Threw 0x00000000eb6dc080 at C:\jdk7u1_64p\jdk7u11\hotspot\src\share\vm\prims\jvm.cpp:1166
Event: 5.672 Thread 0x0000000002ce0800 Threw 0x00000000eb6e6008 at C:\jdk7u1_64p\jdk7u11\hotspot\src\share\vm\prims\jvm.cpp:1166
Event: 5.672 Thread 0x0000000002ce0800 Threw 0x00000000eb6e8630 at C:\jdk7u1_64p\jdk7u11\hotspot\src\share\vm\prims\jvm.cpp:1166
Event: 5.677 Thread 0x000000000adc2000 Threw 0x00000000eb9714b8 at C:\jdk7u1_64p\jdk7u11\hotspot\src\share\vm\prims\jvm.cpp:1166
Event: 5.678 Thread 0x000000000adc2000 Threw 0x00000000eb976cf8 at C:\jdk7u1_64p\jdk7u11\hotspot\src\share\vm\prims\jvm.cpp:1166
Event: 5.679 Thread 0x000000000adc2000 Threw 0x00000000eb97c2c0 at C:\jdk7u1_64p\jdk7u11\hotspot\src\share\vm\prims\jvm.cpp:1166
Event: 5.685 Thread 0x0000000002ce0800 Threw 0x00000000eb6f8a68 at C:\jdk7u1_64p\jdk7u11\hotspot\src\share\vm\prims\jvm.cpp:1166

Events (10 events):
Event: 5.679 loading class 0x000000000adec960 done
Event: 5.685 loading class 0x000000000abfe7c0
Event: 5.685 loading class 0x000000000abfe7c0 done
Event: 6.387 Thread 0x00000000092ad800 DEOPT PACKING pc=0x0000000002f2888c sp=0x000000000b09ee00
Event: 6.387 Thread 0x00000000092ad800 DEOPT UNPACKING pc=0x0000000002e19164 sp=0x000000000b09edd0 mode 2
Event: 6.474 Executing VM operation: ParallelGCFailedAllocation
Event: 7.379 Executing VM operation: ParallelGCFailedAllocation done
Event: 7.379 Executing VM operation: RevokeBias
Event: 7.379 Executing VM operation: RevokeBias done
Event: 7.407 Thread 0x0000000009211800 flushing nmethod 0x0000000002e615d0


Dynamic libraries:
0x00007ff7a5e00000 - 0x00007ff7a5e33000 	C:\Program Files\Java\jdk1.7.0_11\bin\java.exe
0x00007ff9086a0000 - 0x00007ff90884d000 	C:\WINDOWS\SYSTEM32\ntdll.dll
0x00007ff907ec0000 - 0x00007ff907ffe000 	C:\WINDOWS\system32\KERNEL32.DLL
0x00007ff905970000 - 0x00007ff905a85000 	C:\WINDOWS\system32\KERNELBASE.dll
0x00007ff904390000 - 0x00007ff90441e000 	C:\WINDOWS\system32\apphelp.dll
0x00007ff8f2010000 - 0x00007ff8f2063000 	C:\WINDOWS\AppPatch\AppPatch64\AcGenral.DLL
0x00007ff9078a0000 - 0x00007ff90794a000 	C:\WINDOWS\system32\msvcrt.dll
0x00007ff9055c0000 - 0x00007ff9055ee000 	C:\WINDOWS\SYSTEM32\SspiCli.dll
0x00007ff907c90000 - 0x00007ff907ce4000 	C:\WINDOWS\system32\SHLWAPI.dll
0x00007ff908000000 - 0x00007ff908177000 	C:\WINDOWS\system32\USER32.dll
0x00007ff9076f0000 - 0x00007ff907884000 	C:\WINDOWS\system32\ole32.dll
0x00007ff905d20000 - 0x00007ff90724a000 	C:\WINDOWS\system32\SHELL32.dll
0x00007ff904fb0000 - 0x00007ff904fd1000 	C:\WINDOWS\SYSTEM32\USERENV.dll
0x00007ff907250000 - 0x00007ff9072fa000 	C:\WINDOWS\system32\ADVAPI32.dll
0x00007ff8f4e60000 - 0x00007ff8f4e7e000 	C:\WINDOWS\SYSTEM32\MPR.dll
0x00007ff907d70000 - 0x00007ff907eb1000 	C:\WINDOWS\system32\RPCRT4.dll
0x00007ff907690000 - 0x00007ff9076e9000 	C:\WINDOWS\SYSTEM32\sechost.dll
0x00007ff908200000 - 0x00007ff908411000 	C:\WINDOWS\SYSTEM32\combase.dll
0x00007ff907420000 - 0x00007ff907570000 	C:\WINDOWS\system32\GDI32.dll
0x00007ff9057f0000 - 0x00007ff905805000 	C:\WINDOWS\SYSTEM32\profapi.dll
0x00007ff903da0000 - 0x00007ff903e52000 	C:\WINDOWS\SYSTEM32\SHCORE.dll
0x00007ff907650000 - 0x00007ff907686000 	C:\WINDOWS\system32\IMM32.DLL
0x00007ff907950000 - 0x00007ff907aa2000 	C:\WINDOWS\system32\MSCTF.dll
0x00007ff9038c0000 - 0x00007ff903b3b000 	C:\WINDOWS\WinSxS\amd64_microsoft.windows.common-controls_6595b64144ccf1df_6.0.9600.18006_none_623f33d3ecbe86e8\COMCTL32.dll
0x0000000069290000 - 0x0000000069361000 	C:\Program Files\Java\jdk1.7.0_11\jre\bin\msvcr100.dll
0x0000000069370000 - 0x0000000069a8f000 	C:\Program Files\Java\jdk1.7.0_11\jre\bin\server\jvm.dll
0x00007ff8fc590000 - 0x00007ff8fc599000 	C:\WINDOWS\SYSTEM32\WSOCK32.dll
0x00007ff902ce0000 - 0x00007ff902d02000 	C:\WINDOWS\SYSTEM32\WINMM.dll
0x00007ff907890000 - 0x00007ff907897000 	C:\WINDOWS\system32\PSAPI.DLL
0x00007ff907300000 - 0x00007ff90735a000 	C:\WINDOWS\system32\WS2_32.dll
0x00007ff902a90000 - 0x00007ff902aba000 	C:\WINDOWS\SYSTEM32\WINMMBASE.dll
0x00007ff907d60000 - 0x00007ff907d69000 	C:\WINDOWS\system32\NSI.dll
0x00007ff905a90000 - 0x00007ff905adf000 	C:\WINDOWS\SYSTEM32\cfgmgr32.dll
0x00007ff904610000 - 0x00007ff904638000 	C:\WINDOWS\SYSTEM32\DEVOBJ.dll
0x000000006a420000 - 0x000000006a42f000 	C:\Program Files\Java\jdk1.7.0_11\jre\bin\verify.dll
0x000000006a3f0000 - 0x000000006a418000 	C:\Program Files\Java\jdk1.7.0_11\jre\bin\java.dll
0x000000006a3d0000 - 0x000000006a3e5000 	C:\Program Files\Java\jdk1.7.0_11\jre\bin\zip.dll
0x000000006a3b0000 - 0x000000006a3c9000 	C:\Program Files\Java\jdk1.7.0_11\jre\bin\net.dll
0x00007ff904fe0000 - 0x00007ff905039000 	C:\WINDOWS\system32\mswsock.dll
0x000000006a390000 - 0x000000006a3a1000 	C:\Program Files\Java\jdk1.7.0_11\jre\bin\nio.dll
0x00007ff9021b0000 - 0x00007ff902339000 	C:\WINDOWS\SYSTEM32\dbghelp.dll

VM Arguments:
jvm_args: -Xmx1024M -Dfile.encoding=GBK -Duser.country=CN -Duser.language=zh -Duser.variant 
java_command: com.android.dx.command.Main --dex --num-threads=4 --output E:\AndroidPrac\StudyInBeihang\app\build\intermediates\pre-dexed\debug\internal_impl-23.1.1-f421a7dd1eaee345a7546885c01e9a0af995638c.jar E:\AndroidPrac\StudyInBeihang\app\build\intermediates\exploded-aar\com.android.support\support-v4\23.1.1\jars\libs\internal_impl-23.1.1.jar
Launcher Type: SUN_STANDARD

Environment Variables:
JAVA_HOME=C:\Program Files\Java\jdk1.7.0_11
CLASSPATH=¡°.;C:\Program Files\Java\jdk1.7.0_11\lib\dt.jar;C:\Program Files\Java\jdk1.7.0_11\lib\tools.jar;
PATH=C:\Program Files\Broadcom\Broadcom 802.11 Network Adapter;;C:\Program Files\Java\jdk1.7.0_11\bin;C:\Program Files (x86)\NVIDIA Corporation\PhysX\Common;C:\Program Files (x86)\Intel\iCLS Client\;C:\Program Files\Intel\iCLS Client\;C:\WINDOWS\system32;C:\WINDOWS;C:\WINDOWS\System32\Wbem;C:\WINDOWS\System32\WindowsPowerShell\v1.0\;C:\Program Files\Intel\Intel(R) Management Engine Components\DAL;C:\Program Files\Intel\Intel(R) Management Engine Components\IPT;C:\Program Files (x86)\Intel\Intel(R) Management Engine Components\DAL;C:\Program Files (x86)\Intel\Intel(R) Management Engine Components\IPT;C:\Program Files\WIDCOMM\Bluetooth Software\;C:\Program Files\WIDCOMM\Bluetooth Software\syswow64;C:\Program Files (x86)\Intel\OpenCL SDK\3.0\bin\x86;C:\Program Files (x86)\Intel\OpenCL SDK\3.0\bin\x64;C:\Program Files\Sony\VAIO Improvement;C:\Program Files (x86)\Sony\VAIO BIOS Data Transfer Utility\;C:\Program Files (x86)\Sony\VAIO Startup Setting Tool;C:\Program Files (x86)\Windows Kits\8.1\Windows Performance Toolkit\;C:\Program Files\Microsoft SQL Server\110\Tools\Binn\;F:\opencv program\opencv\build\x86\vc12\bin;c:\Program Files (x86)\Microsoft SQL Server\100\Tools\Binn\;c:\Program Files\Microsoft SQL Server\100\Tools\Binn\;c:\Program Files\Microsoft SQL Server\100\DTS\Binn\;c:\Program Files (x86)\Microsoft SQL Server\100\Tools\Binn\VSShell\Common7\IDE\;c:\Program Files (x86)\Microsoft SQL Server\100\DTS\Binn\;C:\Program Files (x86)\CodeBlocks\MinGW\bin;G:\runtime\win64;G:\bin;C:\Program Files\MATLAB\R2014b\runtime\win64;C:\Program Files\MATLAB\R2014b\bin;C:\Program Files\MATLAB\R2014b\polyspace\bin;C:\Program Files\MiKTeX 2.9\miktex\bin\x64\;C:\Program Files (x86)\Skype\Phone\;c:\users\sony\appdata\local\enthought\canopy\user\scripts;F:\opencv program\opencv\build\x86\vc12\bin;C:\Users\SONY\AppData\Local\Enthought\Canopy\User;C:\Users\SONY\AppData\Local\Enthought\Canopy\User\Scripts;G:\adt-bundle-windows-x86_64-20140702\sdk\platform-tools
USERNAME=SONY
OS=Windows_NT
PROCESSOR_IDENTIFIER=Intel64 Family 6 Model 69 Stepping 1, GenuineIntel



---------------  S Y S T E M  ---------------

OS: Windows 8 , 64 bit Build 9200 

CPU:total 4 (2 cores per cpu, 2 threads per core) family 6 model 69 stepping 1, cmov, cx8, fxsr, mmx, sse, sse2, sse3, ssse3, sse4.1, sse4.2, popcnt, avx, avx2, ht, tsc, tscinvbit

Memory: 4k page, physical 8118068k(2320588k free), swap 16244532k(6410844k free)

vm_info: Java HotSpot(TM) 64-Bit Server VM (23.6-b04) for windows-amd64 JRE (1.7.0_11-b21), built on Jan 12 2013 02:38:42 by "java_re" with unknown MS VC++:1600

time: Fri Feb 19 21:11:51 2016
elapsed time: 7 seconds

